  [1m[35m (0.2ms)[0m  [1m[34mSELECT sqlite_version(*)[0m
  ↳ bin/rails:9
  [1m[35m (109.7ms)[0m  [1m[35mCREATE TABLE "schema_migrations" ("version" varchar NOT NULL PRIMARY KEY)[0m
  ↳ bin/rails:9
  [1m[35m (99.7ms)[0m  [1m[35mCREATE TABLE "ar_internal_metadata" ("key" varchar NOT NULL PRIMARY KEY, "value" varchar, "created_at" datetime NOT NULL, "updated_at" datetime NOT NULL)[0m
  ↳ bin/rails:9
  [1m[35m (0.2ms)[0m  [1m[34mSELECT "schema_migrations"."version" FROM "schema_migrations" ORDER BY "schema_migrations"."version" ASC[0m
  ↳ bin/rails:9
Migrating to CreateUsers (20180516191917)
  [1m[35m (0.1ms)[0m  [1m[36mbegin transaction[0m
  ↳ bin/rails:9
  [1m[35m (0.4ms)[0m  [1m[35mCREATE TABLE "users" ("id" integer PRIMARY KEY AUTOINCREMENT NOT NULL, "name" varchar, "email" varchar, "gender" varchar, "phone" varchar, "exp1" varchar, "exp2" varchar, "exp3" varchar, "education" varchar, "extras" varchar, "description" varchar, "created_at" datetime NOT NULL, "updated_at" datetime NOT NULL)[0m
  ↳ db/migrate/20180516191917_create_users.rb:3
  [1m[36mActiveRecord::SchemaMigration Create (0.2ms)[0m  [1m[32mINSERT INTO "schema_migrations" ("version") VALUES (?)[0m  [["version", "20180516191917"]]
  ↳ bin/rails:9
  [1m[35m (122.9ms)[0m  [1m[36mcommit transaction[0m
  ↳ bin/rails:9
  [1m[36mActiveRecord::InternalMetadata Load (0.2ms)[0m  [1m[34mSELECT  "ar_internal_metadata".* FROM "ar_internal_metadata" WHERE "ar_internal_metadata"."key" = ? LIMIT ?[0m  [["key", "environment"], ["LIMIT", 1]]
  ↳ bin/rails:9
  [1m[35m (0.1ms)[0m  [1m[36mbegin transaction[0m
  ↳ bin/rails:9
  [1m[36mActiveRecord::InternalMetadata Create (0.2ms)[0m  [1m[32mINSERT INTO "ar_internal_metadata" ("key", "value", "created_at", "updated_at") VALUES (?, ?, ?, ?)[0m  [["key", "environment"], ["value", "development"], ["created_at", "2018-05-16 19:19:59.011333"], ["updated_at", "2018-05-16 19:19:59.011333"]]
  ↳ bin/rails:9
  [1m[35m (87.7ms)[0m  [1m[36mcommit transaction[0m
  ↳ bin/rails:9
  [1m[35m (0.4ms)[0m  [1m[34mSELECT "schema_migrations"."version" FROM "schema_migrations" ORDER BY "schema_migrations"."version" ASC[0m
  ↳ bin/rails:9
Started GET "/" for 127.0.0.1 at 2018-05-17 05:06:10 -0500
  [1m[35m (0.1ms)[0m  [1m[34mSELECT "schema_migrations"."version" FROM "schema_migrations" ORDER BY "schema_migrations"."version" ASC[0m
  ↳ /home/romulo/.rvm/gems/ruby-2.4.1/gems/activerecord-5.2.0/lib/active_record/log_subscriber.rb:98
Processing by Rails::WelcomeController#index as HTML
  Rendering /home/romulo/.rvm/gems/ruby-2.4.1/gems/railties-5.2.0/lib/rails/templates/rails/welcome/index.html.erb
  Rendered /home/romulo/.rvm/gems/ruby-2.4.1/gems/railties-5.2.0/lib/rails/templates/rails/welcome/index.html.erb (2.2ms)
Completed 200 OK in 14ms (Views: 6.8ms | ActiveRecord: 0.0ms)


Started GET "/users" for 127.0.0.1 at 2018-05-17 05:06:16 -0500
Processing by UsersController#index as HTML
  Rendering users/index.html.erb within layouts/application
  [1m[36mUser Load (9.2ms)[0m  [1m[34mSELECT "users".* FROM "users"[0m
  ↳ app/views/users/index.html.erb:23
  Rendered users/index.html.erb within layouts/application (13.7ms)
[Webpacker] Compiling…
[Webpacker] Compiled all packs in /home/romulo/Documentos/Projetos/cv_example/public/packs
Completed 200 OK in 5346ms (Views: 5326.4ms | ActiveRecord: 9.8ms)


Started GET "/users/new" for 127.0.0.1 at 2018-05-17 05:06:25 -0500
Processing by UsersController#new as HTML
  Rendering users/new.html.erb within layouts/application
  Rendered users/_form.html.erb (0.7ms)
  Rendered users/new.html.erb within layouts/application (1.7ms)
Completed 200 OK in 40ms (Views: 19.8ms | ActiveRecord: 1.4ms)


Started POST "/users" for 127.0.0.1 at 2018-05-17 05:08:12 -0500
Processing by UsersController#create as JSON
  Parameters: {"user"=>{"id"=>nil, "name"=>"Rômulo", "email"=>"ramf08@gmail.com", "gender"=>"Masculino", "phone"=>"85-30776682", "exp1"=>"Estágio", "exp2"=>"Wordpress", "exp3"=>"Desenvolvedor", "education"=>"Bacharel em SI", "extras"=>"Teste", "description"=>"Graduado"}}
Unpermitted parameter: :id
  [1m[35m (0.1ms)[0m  [1m[36mbegin transaction[0m
  ↳ app/controllers/users_controller.rb:30
  [1m[36mUser Create (1.0ms)[0m  [1m[32mINSERT INTO "users" ("name", "email", "gender", "phone", "exp1", "exp2", "exp3", "education", "extras", "description", "created_at", "updated_at") VALUES (?, ?, ?, ?, ?, ?, ?, ?, ?, ?, ?, ?)[0m  [["name", "Rômulo"], ["email", "ramf08@gmail.com"], ["gender", "Masculino"], ["phone", "85-30776682"], ["exp1", "Estágio"], ["exp2", "Wordpress"], ["exp3", "Desenvolvedor"], ["education", "Bacharel em SI"], ["extras", "Teste"], ["description", "Graduado"], ["created_at", "2018-05-17 10:08:12.209363"], ["updated_at", "2018-05-17 10:08:12.209363"]]
  ↳ app/controllers/users_controller.rb:30
  [1m[35m (368.3ms)[0m  [1m[36mcommit transaction[0m
  ↳ app/controllers/users_controller.rb:30
  Rendering users/show.json.jbuilder
  Rendered users/_user.json.jbuilder (0.4ms)
  Rendered users/show.json.jbuilder (24.2ms)
Completed 201 Created in 402ms (Views: 26.1ms | ActiveRecord: 369.5ms)


Started GET "/users/1" for 127.0.0.1 at 2018-05-17 05:08:12 -0500
Processing by UsersController#show as HTML
  Parameters: {"id"=>"1"}
  [1m[36mUser Load (0.2ms)[0m  [1m[34mSELECT  "users".* FROM "users" WHERE "users"."id" = ? LIMIT ?[0m  [["id", 1], ["LIMIT", 1]]
  ↳ app/controllers/users_controller.rb:67
  Rendering users/show.html.erb within layouts/application
  Rendered users/show.html.erb within layouts/application (1.0ms)
Completed 200 OK in 38ms (Views: 28.9ms | ActiveRecord: 0.2ms)


Started GET "/users" for 127.0.0.1 at 2018-05-17 05:08:23 -0500
Processing by UsersController#index as HTML
  Rendering users/index.html.erb within layouts/application
  [1m[36mUser Load (0.2ms)[0m  [1m[34mSELECT "users".* FROM "users"[0m
  ↳ app/views/users/index.html.erb:23
  Rendered users/index.html.erb within layouts/application (2.4ms)
Completed 200 OK in 29ms (Views: 27.7ms | ActiveRecord: 0.2ms)


Started GET "/" for 127.0.0.1 at 2018-05-17 05:09:25 -0500
Processing by Rails::WelcomeController#index as HTML
  Rendering /home/romulo/.rvm/gems/ruby-2.4.1/gems/railties-5.2.0/lib/rails/templates/rails/welcome/index.html.erb
  Rendered /home/romulo/.rvm/gems/ruby-2.4.1/gems/railties-5.2.0/lib/rails/templates/rails/welcome/index.html.erb (3.8ms)
Completed 200 OK in 7ms (Views: 5.6ms | ActiveRecord: 0.0ms)


Started GET "/users" for 127.0.0.1 at 2018-05-17 05:09:34 -0500
Processing by UsersController#index as HTML
  Rendering users/index.html.erb within layouts/application
  [1m[36mUser Load (0.2ms)[0m  [1m[34mSELECT "users".* FROM "users"[0m
  ↳ app/views/users/index.html.erb:23
  Rendered users/index.html.erb within layouts/application (1.7ms)
Completed 200 OK in 26ms (Views: 24.8ms | ActiveRecord: 0.2ms)


Started GET "/users/1/edit" for 127.0.0.1 at 2018-05-17 05:09:37 -0500
Processing by UsersController#edit as HTML
  Parameters: {"id"=>"1"}
  [1m[36mUser Load (0.3ms)[0m  [1m[34mSELECT  "users".* FROM "users" WHERE "users"."id" = ? LIMIT ?[0m  [["id", 1], ["LIMIT", 1]]
  ↳ app/controllers/users_controller.rb:67
  Rendering users/edit.html.erb within layouts/application
  Rendered users/_form.html.erb (1.1ms)
  Rendered users/edit.html.erb within layouts/application (2.5ms)
Completed 200 OK in 27ms (Views: 25.0ms | ActiveRecord: 0.3ms)


Started POST "/users" for 127.0.0.1 at 2018-05-17 05:09:55 -0500
Processing by UsersController#create as JSON
  Parameters: {"user"=>{"id"=>1, "name"=>"Rômulo", "email"=>"ramf08@gmail.com", "gender"=>"Masculino", "phone"=>"85-30776682", "exp1"=>"Estágio", "exp2"=>"Wordpress\n\nTestes", "exp3"=>"Desenvolvedor", "education"=>"Bacharel em SI", "extras"=>"Teste", "description"=>"Graduado"}}
Unpermitted parameter: :id
  [1m[35m (0.1ms)[0m  [1m[36mbegin transaction[0m
  ↳ app/controllers/users_controller.rb:30
  [1m[36mUser Create (0.4ms)[0m  [1m[32mINSERT INTO "users" ("name", "email", "gender", "phone", "exp1", "exp2", "exp3", "education", "extras", "description", "created_at", "updated_at") VALUES (?, ?, ?, ?, ?, ?, ?, ?, ?, ?, ?, ?)[0m  [["name", "Rômulo"], ["email", "ramf08@gmail.com"], ["gender", "Masculino"], ["phone", "85-30776682"], ["exp1", "Estágio"], ["exp2", "Wordpress\n\nTestes"], ["exp3", "Desenvolvedor"], ["education", "Bacharel em SI"], ["extras", "Teste"], ["description", "Graduado"], ["created_at", "2018-05-17 10:09:55.881010"], ["updated_at", "2018-05-17 10:09:55.881010"]]
  ↳ app/controllers/users_controller.rb:30
  [1m[35m (97.6ms)[0m  [1m[36mcommit transaction[0m
  ↳ app/controllers/users_controller.rb:30
  Rendering users/show.json.jbuilder
  Rendered users/_user.json.jbuilder (0.6ms)
  Rendered users/show.json.jbuilder (1.8ms)
Completed 201 Created in 111ms (Views: 7.1ms | ActiveRecord: 98.1ms)


Started GET "/users/2" for 127.0.0.1 at 2018-05-17 05:09:56 -0500
Processing by UsersController#show as HTML
  Parameters: {"id"=>"2"}
  [1m[36mUser Load (0.1ms)[0m  [1m[34mSELECT  "users".* FROM "users" WHERE "users"."id" = ? LIMIT ?[0m  [["id", 2], ["LIMIT", 1]]
  ↳ app/controllers/users_controller.rb:67
  Rendering users/show.html.erb within layouts/application
  Rendered users/show.html.erb within layouts/application (1.0ms)
Completed 200 OK in 31ms (Views: 29.1ms | ActiveRecord: 0.1ms)


Started GET "/users" for 127.0.0.1 at 2018-05-17 05:09:59 -0500
Processing by UsersController#index as HTML
  Rendering users/index.html.erb within layouts/application
  [1m[36mUser Load (0.5ms)[0m  [1m[34mSELECT "users".* FROM "users"[0m
  ↳ app/views/users/index.html.erb:23
  Rendered users/index.html.erb within layouts/application (4.7ms)
Completed 200 OK in 37ms (Views: 32.5ms | ActiveRecord: 0.5ms)


Started GET "/" for 127.0.0.1 at 2018-05-17 07:05:21 -0500
  [1m[35m (0.1ms)[0m  [1m[34mSELECT "schema_migrations"."version" FROM "schema_migrations" ORDER BY "schema_migrations"."version" ASC[0m
  ↳ /home/romulo/.rvm/gems/ruby-2.4.1/gems/activerecord-5.2.0/lib/active_record/log_subscriber.rb:98
Processing by Rails::WelcomeController#index as HTML
  Rendering /home/romulo/.rvm/gems/ruby-2.4.1/gems/railties-5.2.0/lib/rails/templates/rails/welcome/index.html.erb
  Rendered /home/romulo/.rvm/gems/ruby-2.4.1/gems/railties-5.2.0/lib/rails/templates/rails/welcome/index.html.erb (2.2ms)
Completed 200 OK in 13ms (Views: 4.4ms | ActiveRecord: 0.0ms)


Started GET "/users" for 127.0.0.1 at 2018-05-17 07:05:32 -0500
Processing by UsersController#index as HTML
Started GET "/users/1/edit" for 127.0.0.1 at 2018-05-17 07:05:32 -0500
Processing by UsersController#edit as HTML
  Rendering users/index.html.erb within layouts/application
  Parameters: {"id"=>"1"}
  [1m[36mUser Load (0.2ms)[0m  [1m[34mSELECT "users".* FROM "users"[0m
  [1m[36mUser Load (0.2ms)[0m  [1m[34mSELECT  "users".* FROM "users" WHERE "users"."id" = ? LIMIT ?[0m  [["id", 1], ["LIMIT", 1]]
  ↳ app/views/users/index.html.erb:23
  ↳ app/controllers/users_controller.rb:67
  Rendered users/index.html.erb within layouts/application (24.8ms)
  Rendering users/edit.html.erb within layouts/application
  Rendered users/_form.html.erb (1.7ms)
  Rendered users/edit.html.erb within layouts/application (4.2ms)
Completed 200 OK in 6754ms (Views: 6579.5ms | ActiveRecord: 1.2ms)


Completed 200 OK in 6776ms (Views: 6773.1ms | ActiveRecord: 0.4ms)


Started DELETE "/users/2" for 127.0.0.1 at 2018-05-17 07:05:46 -0500
Processing by UsersController#destroy as HTML
  Parameters: {"authenticity_token"=>"p0xl0psiKHw//h9y9HETB+G4w3jtyt+smjU2R89LcFeIadNE1B24UQUjftBzpXQTmi/bWh0stMZ6KhS898b9dw==", "id"=>"2"}
  [1m[36mUser Load (0.2ms)[0m  [1m[34mSELECT  "users".* FROM "users" WHERE "users"."id" = ? LIMIT ?[0m  [["id", 2], ["LIMIT", 1]]
  ↳ app/controllers/users_controller.rb:67
  [1m[35m (0.1ms)[0m  [1m[36mbegin transaction[0m
  ↳ app/controllers/users_controller.rb:57
  [1m[36mUser Destroy (0.3ms)[0m  [1m[31mDELETE FROM "users" WHERE "users"."id" = ?[0m  [["id", 2]]
  ↳ app/controllers/users_controller.rb:57
  [1m[35m (71.4ms)[0m  [1m[36mcommit transaction[0m
  ↳ app/controllers/users_controller.rb:57
Redirected to http://localhost:3000/users
Completed 302 Found in 76ms (ActiveRecord: 71.9ms)


Started GET "/users" for 127.0.0.1 at 2018-05-17 07:05:46 -0500
Processing by UsersController#index as HTML
  Rendering users/index.html.erb within layouts/application
  [1m[36mUser Load (0.2ms)[0m  [1m[34mSELECT "users".* FROM "users"[0m
  ↳ app/views/users/index.html.erb:23
  Rendered users/index.html.erb within layouts/application (1.7ms)
Completed 200 OK in 43ms (Views: 42.4ms | ActiveRecord: 0.2ms)


